<?xml version="1.0" encoding="UTF-8"?>
<!-- Generated by org.testng.reporters.JUnitXMLReporter -->
<testsuite ignored="0" hostname="Naveen-HPLaptop" failures="1" tests="6" name="TestDDT" time="28.782" errors="0" timestamp="2024-11-27T00:43:22 IST">
  <testcase classname="testCases.TC_003_LoginDDT" name="verify_loginDDT" time="1.962"/>
  <testcase classname="testCases.TC_003_LoginDDT" name="verify_loginDDT" time="2.073"/>
  <testcase classname="testCases.TC_003_LoginDDT" name="verify_loginDDT" time="2.118"/>
  <testcase classname="testCases.TC_003_LoginDDT" name="verify_loginDDT" time="1.449"/>
  <testcase classname="testCases.TC_003_LoginDDT" name="verify_loginDDT" time="2.187"/>
  <testcase classname="testCases.TC_003_LoginDDT" name="verify_loginDDT" time="1.318">
    <failure type="java.lang.AssertionError" message="expected [true] but found [false]">
      <![CDATA[java.lang.AssertionError: expected [true] but found [false]
at testCases.TC_003_LoginDDT.verify_loginDDT(TC_003_LoginDDT.java:54)
at java.base/java.util.ArrayList.forEach(ArrayList.java:1596)
... Removed 29 stack frames]]>
    </failure>
  </testcase> <!-- verify_loginDDT -->
</testsuite> <!-- TestDDT -->
