<?xml version="1.0" encoding="UTF-8"?>
<!-- Generated by org.testng.reporters.JUnitXMLReporter -->
<testsuite ignored="0" hostname="Naveen-HPLaptop" failures="1" tests="1" name="Grouping(failed)" time="9.05" errors="0" timestamp="2024-11-26T16:58:16 IST">
  <testcase classname="testCases.TC002_AccountLoginTest" name="validateAccountLogin" time="1.265">
    <failure type="java.lang.AssertionError" message="null">
      <![CDATA[java.lang.AssertionError: null
at testCases.TC002_AccountLoginTest.validateAccountLogin(TC002_AccountLoginTest.java:36)
at java.base/java.util.ArrayList.forEach(ArrayList.java:1596)
... Removed 27 stack frames]]>
    </failure>
  </testcase> <!-- validateAccountLogin -->
</testsuite> <!-- Grouping(failed) -->
